Using pre-set license
Built from '2021.1/staging' branch; Version is '2021.1.17f1 (03b40fe07a36) revision 242703'; Using compiler version '192528614'; Build Type 'Release'
OS: 'Windows 10 Pro; OS build 26100.4061; Version 2009; 64bit' Language: 'ko' Physical Memory: 32599 MB
BatchMode: 1, IsHumanControllingUs: 0, StartBugReporterOnCrash: 0, Is64bit: 1, IsPro: 0

 COMMAND LINE ARGUMENTS:
C:\Program Files\Unity\Hub\Editor\2021.1.17f1\Editor\Unity.exe
-adb2
-batchMode
-noUpm
-name
AssetImportWorker0
-projectPath
C:/Users/user/Documents/GitHub/MinSeok_FPS_Prototype/FPSPrototype
-logFile
Logs/AssetImportWorker0.log
-srvPort
57634
Successfully changed project path to: C:/Users/user/Documents/GitHub/MinSeok_FPS_Prototype/FPSPrototype
C:/Users/user/Documents/GitHub/MinSeok_FPS_Prototype/FPSPrototype
Using Asset Import Pipeline V2.
Refreshing native plugins compatible for Editor in 46.12 ms, found 3 plugins.
Preloading 0 native plugins for Editor in 0.00 ms.
Initialize engine version: 2021.1.17f1 (03b40fe07a36)
[Subsystems] Discovering subsystems at path C:/Program Files/Unity/Hub/Editor/2021.1.17f1/Editor/Data/Resources/UnitySubsystems
[Subsystems] Discovering subsystems at path C:/Users/user/Documents/GitHub/MinSeok_FPS_Prototype/FPSPrototype/Assets
GfxDevice: creating device client; threaded=0; jobified=0
Direct3D:
    Version:  Direct3D 11.0 [level 11.1]
    Renderer: NVIDIA GeForce RTX 5060 Ti (ID=0x2d04)
    Vendor:   NVIDIA
    VRAM:     15962 MB
    Driver:   32.0.15.7602
Initialize mono
Mono path[0] = 'C:/Program Files/Unity/Hub/Editor/2021.1.17f1/Editor/Data/Managed'
Mono path[1] = 'C:/Program Files/Unity/Hub/Editor/2021.1.17f1/Editor/Data/MonoBleedingEdge/lib/mono/unityjit'
Mono config path = 'C:/Program Files/Unity/Hub/Editor/2021.1.17f1/Editor/Data/MonoBleedingEdge/etc'
Using monoOptions --debugger-agent=transport=dt_socket,embedding=1,server=y,suspend=n,address=127.0.0.1:56304
Begin MonoManager ReloadAssembly
Registering precompiled unity dll's ...
Register platform support module: C:/Program Files/Unity/Hub/Editor/2021.1.17f1/Editor/Data/PlaybackEngines/WindowsStandaloneSupport/UnityEditor.WindowsStandalone.Extensions.dll
Registered in 0.002239 seconds.
Native extension for WindowsStandalone target not found
Refreshing native plugins compatible for Editor in 44.49 ms, found 3 plugins.
Preloading 0 native plugins for Editor in 0.00 ms.
Mono: successfully reloaded assembly
- Completed reload, in  0.763 seconds
Domain Reload Profiling:
	ReloadAssembly (763ms)
		BeginReloadAssembly (51ms)
			ExecutionOrderSort (0ms)
			DisableScriptedObjects (0ms)
			BackupInstance (0ms)
			ReleaseScriptingObjects (0ms)
			CreateAndSetChildDomain (0ms)
		EndReloadAssembly (240ms)
			LoadAssemblies (48ms)
			RebuildTransferFunctionScriptingTraits (0ms)
			SetupTypeCache (84ms)
			ReleaseScriptCaches (0ms)
			RebuildScriptCaches (13ms)
			SetupLoadedEditorAssemblies (113ms)
				LogAssemblyErrors (0ms)
				InitializePlatformSupportModulesInManaged (4ms)
				SetLoadedEditorAssemblies (0ms)
				RefreshPlugins (45ms)
				BeforeProcessingInitializeOnLoad (1ms)
				ProcessInitializeOnLoadAttributes (48ms)
				ProcessInitializeOnLoadMethodAttributes (16ms)
				AfterProcessingInitializeOnLoad (0ms)
				EditorAssembliesLoaded (0ms)
			ExecutionOrderSort2 (0ms)
			AwakeInstancesAfterBackupRestoration (0ms)
Platform modules already initialized, skipping
Registering precompiled user dll's ...
Registered in 0.005217 seconds.
Begin MonoManager ReloadAssembly
Symbol file LoadedFromMemory doesn't match image C:\Users\user\Documents\GitHub\MinSeok_FPS_Prototype\FPSPrototype\Library\PackageCache\com.unity.visualscripting@1.6.1\Editor\VisualScripting.Core\Dependencies\YamlDotNet\Unity.VisualScripting.YamlDotNet.dll
Symbol file LoadedFromMemory doesn't match image C:\Users\user\Documents\GitHub\MinSeok_FPS_Prototype\FPSPrototype\Library\PackageCache\com.unity.visualscripting@1.6.1\Editor\VisualScripting.Core\Dependencies\DotNetZip\Unity.VisualScripting.IonicZip.dll
Native extension for WindowsStandalone target not found
Refreshing native plugins compatible for Editor in 0.42 ms, found 3 plugins.
Preloading 0 native plugins for Editor in 0.00 ms.
Mono: successfully reloaded assembly
- Completed reload, in  0.659 seconds
Domain Reload Profiling:
	ReloadAssembly (660ms)
		BeginReloadAssembly (93ms)
			ExecutionOrderSort (0ms)
			DisableScriptedObjects (2ms)
			BackupInstance (0ms)
			ReleaseScriptingObjects (0ms)
			CreateAndSetChildDomain (12ms)
		EndReloadAssembly (527ms)
			LoadAssemblies (69ms)
			RebuildTransferFunctionScriptingTraits (0ms)
			SetupTypeCache (179ms)
			ReleaseScriptCaches (0ms)
			RebuildScriptCaches (22ms)
			SetupLoadedEditorAssemblies (214ms)
				LogAssemblyErrors (0ms)
				InitializePlatformSupportModulesInManaged (3ms)
				SetLoadedEditorAssemblies (0ms)
				RefreshPlugins (0ms)
				BeforeProcessingInitializeOnLoad (43ms)
				ProcessInitializeOnLoadAttributes (157ms)
				ProcessInitializeOnLoadMethodAttributes (3ms)
				AfterProcessingInitializeOnLoad (8ms)
				EditorAssembliesLoaded (0ms)
			ExecutionOrderSort2 (0ms)
			AwakeInstancesAfterBackupRestoration (3ms)
Platform modules already initialized, skipping
========================================================================
Worker process is ready to serve import requests
Launched and connected shader compiler UnityShaderCompiler.exe after 0.00 seconds
Refreshing native plugins compatible for Editor in 0.98 ms, found 3 plugins.
Preloading 0 native plugins for Editor in 0.00 ms.
Unloading 2992 Unused Serialized files (Serialized files now loaded: 0)
System memory in use before: 111.4 MB.
System memory in use after: 111.6 MB.

Unloading 22 unused Assets to reduce memory usage. Loaded Objects now: 3439.
Total: 2.814100 ms (FindLiveObjects: 0.169400 ms CreateObjectMapping: 0.043400 ms MarkObjects: 2.540900 ms  DeleteObjects: 0.059400 ms)

AssetImportParameters requested are different than current active one (requested -> active):
  custom:framework-win-MediaFoundation: 216162199b28c13a410421893ffa2e32 -> 
  custom:video-decoder-ogg-theora: a1e56fd34408186e4bbccfd4996cb3dc -> 
  custom:container-muxer-webm: aa71ff27fc2769a1b78a27578f13a17b -> 
  custom:container-demuxer-webm: 4f35f7cbe854078d1ac9338744f61a02 -> 
  custom:container-demuxer-ogg: 62fdf1f143b41e24485cea50d1cbac27 -> 
  custom:video-encoder-webm-vp8: eb34c28f22e8b96e1ab97ce403110664 -> 
  custom:video-decoder-webm-vp8: 9c59270c3fd7afecdb556c50c9e8de78 -> 
  custom:audio-decoder-ogg-vorbis: bf7c407c2cedff20999df2af8eb42d56 -> 
  custom:audio-encoder-webm-vorbis: bf7c407c2cedff20999df2af8eb42d56 -> 
========================================================================
Received Import Request.
  path: Assets/Frefabs/NormalBarrel.prefab
  artifactKey: Guid(c7c4e62900d5050419f9c2f2504241cb) Importer(815301076,1909f56bfc062723c751e8b465ee728b)
Start importing Assets/Frefabs/NormalBarrel.prefab using Guid(c7c4e62900d5050419f9c2f2504241cb) Importer(815301076,1909f56bfc062723c751e8b465ee728b)  -> (artifact id: '80508647323c251002b6362bd0e7ca4a') in 0.080284 seconds 
========================================================================
Received Import Request.
  Time since last request: 65.431992 seconds.
  path: Assets/Frefabs/NormalBarrel.prefab
  artifactKey: Guid(c7c4e62900d5050419f9c2f2504241cb) Importer(815301076,1909f56bfc062723c751e8b465ee728b)
Start importing Assets/Frefabs/NormalBarrel.prefab using Guid(c7c4e62900d5050419f9c2f2504241cb) Importer(815301076,1909f56bfc062723c751e8b465ee728b)  -> (artifact id: 'cff1662ce9ea019a2e2badff4c8a9e14') in 0.005206 seconds 
========================================================================
Received Import Request.
  Time since last request: 24.923930 seconds.
  path: Assets/Frefabs/ImpactNormal 1.prefab
  artifactKey: Guid(bdc8e05cd2637344f92c9edd066bef5e) Importer(815301076,1909f56bfc062723c751e8b465ee728b)
Start importing Assets/Frefabs/ImpactNormal 1.prefab using Guid(bdc8e05cd2637344f92c9edd066bef5e) Importer(815301076,1909f56bfc062723c751e8b465ee728b)  -> (artifact id: '6f544727b77155a5167ffc289b89d6c8') in 0.013369 seconds 
========================================================================
Received Import Request.
  Time since last request: 18.162145 seconds.
  path: Assets/Frefabs/ImpactInteractionObject.prefab
  artifactKey: Guid(bdc8e05cd2637344f92c9edd066bef5e) Importer(815301076,1909f56bfc062723c751e8b465ee728b)
Start importing Assets/Frefabs/ImpactInteractionObject.prefab using Guid(bdc8e05cd2637344f92c9edd066bef5e) Importer(815301076,1909f56bfc062723c751e8b465ee728b)  -> (artifact id: '81bed044a92d657be6337df29a9b76ba') in 0.005532 seconds 
========================================================================
Received Import Request.
  Time since last request: 84.934612 seconds.
  path: Assets/Frefabs/ImpactInteractionObject.prefab
  artifactKey: Guid(bdc8e05cd2637344f92c9edd066bef5e) Importer(815301076,1909f56bfc062723c751e8b465ee728b)
Start importing Assets/Frefabs/ImpactInteractionObject.prefab using Guid(bdc8e05cd2637344f92c9edd066bef5e) Importer(815301076,1909f56bfc062723c751e8b465ee728b)  -> (artifact id: '01090c7a52e16fc62d1716b1c441a564') in 0.006356 seconds 
========================================================================
Received Import Request.
  Time since last request: 19.556357 seconds.
  path: Assets/Frefabs/ImpactInteractionObject.prefab
  artifactKey: Guid(bdc8e05cd2637344f92c9edd066bef5e) Importer(815301076,1909f56bfc062723c751e8b465ee728b)
Start importing Assets/Frefabs/ImpactInteractionObject.prefab using Guid(bdc8e05cd2637344f92c9edd066bef5e) Importer(815301076,1909f56bfc062723c751e8b465ee728b)  -> (artifact id: '44262d2f99d6db8643f7e36a3f5b8f9e') in 0.005566 seconds 
========================================================================
Received Import Request.
  Time since last request: 2556.951549 seconds.
  path: Assets/Script/ImpactMemoryPool.cs
  artifactKey: Guid(2441252eff73de841810e2a73bd46fa7) Importer(815301076,1909f56bfc062723c751e8b465ee728b)
Start importing Assets/Script/ImpactMemoryPool.cs using Guid(2441252eff73de841810e2a73bd46fa7) Importer(815301076,1909f56bfc062723c751e8b465ee728b)  -> (artifact id: '12dbefa9a3096959ed1a2f8fc2464934') in 0.007375 seconds 
========================================================================
Received Import Request.
  Time since last request: 52.108584 seconds.
  path: Assets/Script/ImpactMemoryPool.cs
  artifactKey: Guid(2441252eff73de841810e2a73bd46fa7) Importer(815301076,1909f56bfc062723c751e8b465ee728b)
Start importing Assets/Script/ImpactMemoryPool.cs using Guid(2441252eff73de841810e2a73bd46fa7) Importer(815301076,1909f56bfc062723c751e8b465ee728b)  -> (artifact id: 'b8c6a7ec4be3578b99962b8fe1d495b4') in 0.002912 seconds 
========================================================================
Received Prepare
Registering precompiled user dll's ...
Registered in 0.012936 seconds.
Begin MonoManager ReloadAssembly
Symbol file LoadedFromMemory doesn't match image C:\Users\user\Documents\GitHub\MinSeok_FPS_Prototype\FPSPrototype\Library\PackageCache\com.unity.visualscripting@1.6.1\Editor\VisualScripting.Core\Dependencies\YamlDotNet\Unity.VisualScripting.YamlDotNet.dll
Symbol file LoadedFromMemory doesn't match image C:\Users\user\Documents\GitHub\MinSeok_FPS_Prototype\FPSPrototype\Library\PackageCache\com.unity.visualscripting@1.6.1\Editor\VisualScripting.Core\Dependencies\DotNetZip\Unity.VisualScripting.IonicZip.dll
Native extension for WindowsStandalone target not found
Refreshing native plugins compatible for Editor in 0.88 ms, found 3 plugins.
Preloading 0 native plugins for Editor in 0.00 ms.
Mono: successfully reloaded assembly
- Completed reload, in  1.260 seconds
Domain Reload Profiling:
	ReloadAssembly (1261ms)
		BeginReloadAssembly (205ms)
			ExecutionOrderSort (0ms)
			DisableScriptedObjects (4ms)
			BackupInstance (0ms)
			ReleaseScriptingObjects (0ms)
			CreateAndSetChildDomain (54ms)
		EndReloadAssembly (975ms)
			LoadAssemblies (154ms)
			RebuildTransferFunctionScriptingTraits (0ms)
			SetupTypeCache (334ms)
			ReleaseScriptCaches (1ms)
			RebuildScriptCaches (41ms)
			SetupLoadedEditorAssemblies (391ms)
				LogAssemblyErrors (0ms)
				InitializePlatformSupportModulesInManaged (6ms)
				SetLoadedEditorAssemblies (0ms)
				RefreshPlugins (1ms)
				BeforeProcessingInitializeOnLoad (79ms)
				ProcessInitializeOnLoadAttributes (280ms)
				ProcessInitializeOnLoadMethodAttributes (4ms)
				AfterProcessingInitializeOnLoad (20ms)
				EditorAssembliesLoaded (0ms)
			ExecutionOrderSort2 (0ms)
			AwakeInstancesAfterBackupRestoration (7ms)
Platform modules already initialized, skipping
Refreshing native plugins compatible for Editor in 0.74 ms, found 3 plugins.
Preloading 0 native plugins for Editor in 0.00 ms.
Unloading 2973 Unused Serialized files (Serialized files now loaded: 0)
System memory in use before: 113.6 MB.
System memory in use after: 113.9 MB.

Unloading 17 unused Assets to reduce memory usage. Loaded Objects now: 3450.
Total: 3.769100 ms (FindLiveObjects: 0.182400 ms CreateObjectMapping: 0.040600 ms MarkObjects: 3.524900 ms  DeleteObjects: 0.020000 ms)

AssetImportParameters requested are different than current active one (requested -> active):
  custom:framework-win-MediaFoundation: 216162199b28c13a410421893ffa2e32 -> 
  custom:video-decoder-ogg-theora: a1e56fd34408186e4bbccfd4996cb3dc -> 
  custom:container-muxer-webm: aa71ff27fc2769a1b78a27578f13a17b -> 
  custom:container-demuxer-webm: 4f35f7cbe854078d1ac9338744f61a02 -> 
  custom:container-demuxer-ogg: 62fdf1f143b41e24485cea50d1cbac27 -> 
  custom:video-encoder-webm-vp8: eb34c28f22e8b96e1ab97ce403110664 -> 
  custom:video-decoder-webm-vp8: 9c59270c3fd7afecdb556c50c9e8de78 -> 
  custom:audio-decoder-ogg-vorbis: bf7c407c2cedff20999df2af8eb42d56 -> 
  custom:audio-encoder-webm-vorbis: bf7c407c2cedff20999df2af8eb42d56 -> 
========================================================================
Received Import Request.
  Time since last request: 34.783496 seconds.
  path: Assets/Script/ImpactMemoryPool.cs
  artifactKey: Guid(2441252eff73de841810e2a73bd46fa7) Importer(815301076,1909f56bfc062723c751e8b465ee728b)
Start importing Assets/Script/ImpactMemoryPool.cs using Guid(2441252eff73de841810e2a73bd46fa7) Importer(815301076,1909f56bfc062723c751e8b465ee728b)  -> (artifact id: '3647f20c00fa0be7c37c2b084fb0d1e1') in 0.008124 seconds 
========================================================================
Received Prepare
Registering precompiled user dll's ...
Registered in 0.011509 seconds.
Begin MonoManager ReloadAssembly
Symbol file LoadedFromMemory doesn't match image C:\Users\user\Documents\GitHub\MinSeok_FPS_Prototype\FPSPrototype\Library\PackageCache\com.unity.visualscripting@1.6.1\Editor\VisualScripting.Core\Dependencies\YamlDotNet\Unity.VisualScripting.YamlDotNet.dll
Symbol file LoadedFromMemory doesn't match image C:\Users\user\Documents\GitHub\MinSeok_FPS_Prototype\FPSPrototype\Library\PackageCache\com.unity.visualscripting@1.6.1\Editor\VisualScripting.Core\Dependencies\DotNetZip\Unity.VisualScripting.IonicZip.dll
Native extension for WindowsStandalone target not found
Refreshing native plugins compatible for Editor in 0.87 ms, found 3 plugins.
Preloading 0 native plugins for Editor in 0.00 ms.
Mono: successfully reloaded assembly
- Completed reload, in  1.241 seconds
Domain Reload Profiling:
	ReloadAssembly (1242ms)
		BeginReloadAssembly (197ms)
			ExecutionOrderSort (0ms)
			DisableScriptedObjects (4ms)
			BackupInstance (0ms)
			ReleaseScriptingObjects (0ms)
			CreateAndSetChildDomain (48ms)
		EndReloadAssembly (962ms)
			LoadAssemblies (161ms)
			RebuildTransferFunctionScriptingTraits (0ms)
			SetupTypeCache (346ms)
			ReleaseScriptCaches (1ms)
			RebuildScriptCaches (27ms)
			SetupLoadedEditorAssemblies (403ms)
				LogAssemblyErrors (0ms)
				InitializePlatformSupportModulesInManaged (5ms)
				SetLoadedEditorAssemblies (0ms)
				RefreshPlugins (1ms)
				BeforeProcessingInitializeOnLoad (76ms)
				ProcessInitializeOnLoadAttributes (292ms)
				ProcessInitializeOnLoadMethodAttributes (5ms)
				AfterProcessingInitializeOnLoad (22ms)
				EditorAssembliesLoaded (0ms)
			ExecutionOrderSort2 (0ms)
			AwakeInstancesAfterBackupRestoration (7ms)
Platform modules already initialized, skipping
Refreshing native plugins compatible for Editor in 0.97 ms, found 3 plugins.
Preloading 0 native plugins for Editor in 0.00 ms.
Unloading 2973 Unused Serialized files (Serialized files now loaded: 0)
System memory in use before: 113.7 MB.
System memory in use after: 113.9 MB.

Unloading 17 unused Assets to reduce memory usage. Loaded Objects now: 3452.
Total: 4.168000 ms (FindLiveObjects: 0.395300 ms CreateObjectMapping: 0.101000 ms MarkObjects: 3.642900 ms  DeleteObjects: 0.027300 ms)

AssetImportParameters requested are different than current active one (requested -> active):
  custom:framework-win-MediaFoundation: 216162199b28c13a410421893ffa2e32 -> 
  custom:video-decoder-ogg-theora: a1e56fd34408186e4bbccfd4996cb3dc -> 
  custom:container-muxer-webm: aa71ff27fc2769a1b78a27578f13a17b -> 
  custom:container-demuxer-webm: 4f35f7cbe854078d1ac9338744f61a02 -> 
  custom:container-demuxer-ogg: 62fdf1f143b41e24485cea50d1cbac27 -> 
  custom:video-encoder-webm-vp8: eb34c28f22e8b96e1ab97ce403110664 -> 
  custom:video-decoder-webm-vp8: 9c59270c3fd7afecdb556c50c9e8de78 -> 
  custom:audio-decoder-ogg-vorbis: bf7c407c2cedff20999df2af8eb42d56 -> 
  custom:audio-encoder-webm-vorbis: bf7c407c2cedff20999df2af8eb42d56 -> 
========================================================================
Received Import Request.
  Time since last request: 579.336999 seconds.
  path: Assets/Frefabs/ExplosionBarrel.prefab
  artifactKey: Guid(c2ba09787c594c148b985f7205eadc9d) Importer(815301076,1909f56bfc062723c751e8b465ee728b)
Start importing Assets/Frefabs/ExplosionBarrel.prefab using Guid(c2ba09787c594c148b985f7205eadc9d) Importer(815301076,1909f56bfc062723c751e8b465ee728b)  -> (artifact id: 'e40f4c6865f39e38c7cc249ec57573f3') in 0.038788 seconds 
========================================================================
Received Import Request.
  Time since last request: 13.069337 seconds.
  path: Assets/Frefabs/ImpactObstacle.prefab
  artifactKey: Guid(32db2cfc151ae03498f48446bf27adeb) Importer(815301076,1909f56bfc062723c751e8b465ee728b)
Start importing Assets/Frefabs/ImpactObstacle.prefab using Guid(32db2cfc151ae03498f48446bf27adeb) Importer(815301076,1909f56bfc062723c751e8b465ee728b)  -> (artifact id: '79a26ac1645a21c7e3f67dcf81dab73d') in 0.008351 seconds 
========================================================================
Received Import Request.
  Time since last request: 7.941850 seconds.
  path: Assets/Frefabs/ExplosionBarrel.prefab
  artifactKey: Guid(c2ba09787c594c148b985f7205eadc9d) Importer(815301076,1909f56bfc062723c751e8b465ee728b)
Start importing Assets/Frefabs/ExplosionBarrel.prefab using Guid(c2ba09787c594c148b985f7205eadc9d) Importer(815301076,1909f56bfc062723c751e8b465ee728b)  -> (artifact id: '4db938a814906e542fea19c7e385f12e') in 0.020170 seconds 
========================================================================
Received Import Request.
  Time since last request: 4.953133 seconds.
  path: Assets/Frefabs/ExplosionBarrel.prefab
  artifactKey: Guid(c2ba09787c594c148b985f7205eadc9d) Importer(815301076,1909f56bfc062723c751e8b465ee728b)
Start importing Assets/Frefabs/ExplosionBarrel.prefab using Guid(c2ba09787c594c148b985f7205eadc9d) Importer(815301076,1909f56bfc062723c751e8b465ee728b)  -> (artifact id: '968f8c645c8b64a1b2bd63b0d4cd2535') in 0.005582 seconds 
========================================================================
Received Import Request.
  Time since last request: 1266.540513 seconds.
  path: Assets/Material/Explosion.mat
  artifactKey: Guid(bdc4517f84afd7941bb5267df3de4aeb) Importer(815301076,1909f56bfc062723c751e8b465ee728b)
Start importing Assets/Material/Explosion.mat using Guid(bdc4517f84afd7941bb5267df3de4aeb) Importer(815301076,1909f56bfc062723c751e8b465ee728b)  -> (artifact id: '02be1a8623ad22b30802b7c604117df0') in 0.017569 seconds 
========================================================================
Received Import Request.
  Time since last request: 28.664860 seconds.
  path: Assets/Frefabs/Explosion.prefab
  artifactKey: Guid(448b75b8daba55644b3877ab4bc30a26) Importer(815301076,1909f56bfc062723c751e8b465ee728b)
Start importing Assets/Frefabs/Explosion.prefab using Guid(448b75b8daba55644b3877ab4bc30a26) Importer(815301076,1909f56bfc062723c751e8b465ee728b)  -> (artifact id: 'f2ba4f5a7b92eee4c9f09553fe032292') in 0.011370 seconds 
========================================================================
Received Import Request.
  Time since last request: 35.589488 seconds.
  path: Assets/Frefabs/Explosion.prefab
  artifactKey: Guid(448b75b8daba55644b3877ab4bc30a26) Importer(815301076,1909f56bfc062723c751e8b465ee728b)
Start importing Assets/Frefabs/Explosion.prefab using Guid(448b75b8daba55644b3877ab4bc30a26) Importer(815301076,1909f56bfc062723c751e8b465ee728b)  -> (artifact id: '99ccc1993d48f7acd8eb10a325a8dac3') in 0.009822 seconds 
========================================================================
Received Import Request.
  Time since last request: 64.451216 seconds.
  path: Assets/Frefabs/Explosion.prefab
  artifactKey: Guid(448b75b8daba55644b3877ab4bc30a26) Importer(815301076,1909f56bfc062723c751e8b465ee728b)
Start importing Assets/Frefabs/Explosion.prefab using Guid(448b75b8daba55644b3877ab4bc30a26) Importer(815301076,1909f56bfc062723c751e8b465ee728b)  -> (artifact id: '78390244005e0621c24a5712c7ed36e6') in 0.005692 seconds 
========================================================================
Received Import Request.
  Time since last request: 49.521270 seconds.
  path: Assets/Script/ParticleAutoDestroyerByTime.cs
  artifactKey: Guid(ccd8c6c6530361e419461d3fbb91a209) Importer(815301076,1909f56bfc062723c751e8b465ee728b)
Start importing Assets/Script/ParticleAutoDestroyerByTime.cs using Guid(ccd8c6c6530361e419461d3fbb91a209) Importer(815301076,1909f56bfc062723c751e8b465ee728b)  -> (artifact id: 'dc7a8f5fca1eb9062ea9ba191d6d0c11') in 0.002127 seconds 
========================================================================
Received Prepare
Registering precompiled user dll's ...
Registered in 0.005189 seconds.
Begin MonoManager ReloadAssembly
Symbol file LoadedFromMemory doesn't match image C:\Users\user\Documents\GitHub\MinSeok_FPS_Prototype\FPSPrototype\Library\PackageCache\com.unity.visualscripting@1.6.1\Editor\VisualScripting.Core\Dependencies\YamlDotNet\Unity.VisualScripting.YamlDotNet.dll
Symbol file LoadedFromMemory doesn't match image C:\Users\user\Documents\GitHub\MinSeok_FPS_Prototype\FPSPrototype\Library\PackageCache\com.unity.visualscripting@1.6.1\Editor\VisualScripting.Core\Dependencies\DotNetZip\Unity.VisualScripting.IonicZip.dll
Native extension for WindowsStandalone target not found
Refreshing native plugins compatible for Editor in 0.48 ms, found 3 plugins.
Preloading 0 native plugins for Editor in 0.00 ms.
Mono: successfully reloaded assembly
- Completed reload, in  0.667 seconds
Domain Reload Profiling:
	ReloadAssembly (668ms)
		BeginReloadAssembly (95ms)
			ExecutionOrderSort (0ms)
			DisableScriptedObjects (2ms)
			BackupInstance (0ms)
			ReleaseScriptingObjects (0ms)
			CreateAndSetChildDomain (24ms)
		EndReloadAssembly (532ms)
			LoadAssemblies (75ms)
			RebuildTransferFunctionScriptingTraits (0ms)
			SetupTypeCache (186ms)
			ReleaseScriptCaches (1ms)
			RebuildScriptCaches (19ms)
			SetupLoadedEditorAssemblies (216ms)
				LogAssemblyErrors (0ms)
				InitializePlatformSupportModulesInManaged (3ms)
				SetLoadedEditorAssemblies (0ms)
				RefreshPlugins (1ms)
				BeforeProcessingInitializeOnLoad (35ms)
				ProcessInitializeOnLoadAttributes (163ms)
				ProcessInitializeOnLoadMethodAttributes (3ms)
				AfterProcessingInitializeOnLoad (11ms)
				EditorAssembliesLoaded (0ms)
			ExecutionOrderSort2 (0ms)
			AwakeInstancesAfterBackupRestoration (4ms)
Platform modules already initialized, skipping
Refreshing native plugins compatible for Editor in 0.71 ms, found 3 plugins.
Preloading 0 native plugins for Editor in 0.00 ms.
Unloading 2974 Unused Serialized files (Serialized files now loaded: 0)
System memory in use before: 114.0 MB.
System memory in use after: 114.2 MB.

Unloading 17 unused Assets to reduce memory usage. Loaded Objects now: 3489.
Total: 3.549500 ms (FindLiveObjects: 0.203500 ms CreateObjectMapping: 0.074200 ms MarkObjects: 3.240500 ms  DeleteObjects: 0.030000 ms)

AssetImportParameters requested are different than current active one (requested -> active):
  custom:framework-win-MediaFoundation: 216162199b28c13a410421893ffa2e32 -> 
  custom:video-decoder-ogg-theora: a1e56fd34408186e4bbccfd4996cb3dc -> 
  custom:container-muxer-webm: aa71ff27fc2769a1b78a27578f13a17b -> 
  custom:container-demuxer-webm: 4f35f7cbe854078d1ac9338744f61a02 -> 
  custom:container-demuxer-ogg: 62fdf1f143b41e24485cea50d1cbac27 -> 
  custom:video-encoder-webm-vp8: eb34c28f22e8b96e1ab97ce403110664 -> 
  custom:video-decoder-webm-vp8: 9c59270c3fd7afecdb556c50c9e8de78 -> 
  custom:audio-decoder-ogg-vorbis: bf7c407c2cedff20999df2af8eb42d56 -> 
  custom:audio-encoder-webm-vorbis: bf7c407c2cedff20999df2af8eb42d56 -> 
========================================================================
Received Import Request.
  Time since last request: 10.268198 seconds.
  path: Assets/Script/PlayerAnimatorController.cs
  artifactKey: Guid(84698d1748a95ad479d4b195a69ee5b3) Importer(815301076,1909f56bfc062723c751e8b465ee728b)
Start importing Assets/Script/PlayerAnimatorController.cs using Guid(84698d1748a95ad479d4b195a69ee5b3) Importer(815301076,1909f56bfc062723c751e8b465ee728b)  -> (artifact id: '2cec9eb185ee64a8a41d32a42093f23e') in 0.007842 seconds 
========================================================================
Received Import Request.
  Time since last request: 107.062470 seconds.
  path: Assets/Script/ParticleAutoDestroyerByTime.cs
  artifactKey: Guid(ccd8c6c6530361e419461d3fbb91a209) Importer(815301076,1909f56bfc062723c751e8b465ee728b)
Start importing Assets/Script/ParticleAutoDestroyerByTime.cs using Guid(ccd8c6c6530361e419461d3fbb91a209) Importer(815301076,1909f56bfc062723c751e8b465ee728b)  -> (artifact id: '90cb0afc44239ca3aa2766a690887d29') in 0.004265 seconds 
========================================================================
Received Prepare
Registering precompiled user dll's ...
Registered in 0.012405 seconds.
Begin MonoManager ReloadAssembly
Symbol file LoadedFromMemory doesn't match image C:\Users\user\Documents\GitHub\MinSeok_FPS_Prototype\FPSPrototype\Library\PackageCache\com.unity.visualscripting@1.6.1\Editor\VisualScripting.Core\Dependencies\YamlDotNet\Unity.VisualScripting.YamlDotNet.dll
Symbol file LoadedFromMemory doesn't match image C:\Users\user\Documents\GitHub\MinSeok_FPS_Prototype\FPSPrototype\Library\PackageCache\com.unity.visualscripting@1.6.1\Editor\VisualScripting.Core\Dependencies\DotNetZip\Unity.VisualScripting.IonicZip.dll
Native extension for WindowsStandalone target not found
Refreshing native plugins compatible for Editor in 0.87 ms, found 3 plugins.
Preloading 0 native plugins for Editor in 0.00 ms.
Mono: successfully reloaded assembly
- Completed reload, in  1.251 seconds
Domain Reload Profiling:
	ReloadAssembly (1251ms)
		BeginReloadAssembly (185ms)
			ExecutionOrderSort (0ms)
			DisableScriptedObjects (5ms)
			BackupInstance (0ms)
			ReleaseScriptingObjects (0ms)
			CreateAndSetChildDomain (44ms)
		EndReloadAssembly (982ms)
			LoadAssemblies (152ms)
			RebuildTransferFunctionScriptingTraits (0ms)
			SetupTypeCache (335ms)
			ReleaseScriptCaches (1ms)
			RebuildScriptCaches (44ms)
			SetupLoadedEditorAssemblies (401ms)
				LogAssemblyErrors (0ms)
				InitializePlatformSupportModulesInManaged (6ms)
				SetLoadedEditorAssemblies (0ms)
				RefreshPlugins (1ms)
				BeforeProcessingInitializeOnLoad (79ms)
				ProcessInitializeOnLoadAttributes (290ms)
				ProcessInitializeOnLoadMethodAttributes (4ms)
				AfterProcessingInitializeOnLoad (21ms)
				EditorAssembliesLoaded (0ms)
			ExecutionOrderSort2 (0ms)
			AwakeInstancesAfterBackupRestoration (9ms)
Platform modules already initialized, skipping
Refreshing native plugins compatible for Editor in 0.93 ms, found 3 plugins.
Preloading 0 native plugins for Editor in 0.00 ms.
Unloading 2974 Unused Serialized files (Serialized files now loaded: 0)
System memory in use before: 114.0 MB.
System memory in use after: 114.2 MB.

Unloading 17 unused Assets to reduce memory usage. Loaded Objects now: 3491.
Total: 3.600400 ms (FindLiveObjects: 0.210500 ms CreateObjectMapping: 0.047800 ms MarkObjects: 3.317500 ms  DeleteObjects: 0.023600 ms)

AssetImportParameters requested are different than current active one (requested -> active):
  custom:framework-win-MediaFoundation: 216162199b28c13a410421893ffa2e32 -> 
  custom:video-decoder-ogg-theora: a1e56fd34408186e4bbccfd4996cb3dc -> 
  custom:container-muxer-webm: aa71ff27fc2769a1b78a27578f13a17b -> 
  custom:container-demuxer-webm: 4f35f7cbe854078d1ac9338744f61a02 -> 
  custom:container-demuxer-ogg: 62fdf1f143b41e24485cea50d1cbac27 -> 
  custom:video-encoder-webm-vp8: eb34c28f22e8b96e1ab97ce403110664 -> 
  custom:video-decoder-webm-vp8: 9c59270c3fd7afecdb556c50c9e8de78 -> 
  custom:audio-decoder-ogg-vorbis: bf7c407c2cedff20999df2af8eb42d56 -> 
  custom:audio-encoder-webm-vorbis: bf7c407c2cedff20999df2af8eb42d56 -> 
========================================================================
Received Import Request.
  Time since last request: 18.767793 seconds.
  path: Assets/Script/ParticleAutoDestroyerByTime.cs
  artifactKey: Guid(ccd8c6c6530361e419461d3fbb91a209) Importer(815301076,1909f56bfc062723c751e8b465ee728b)
Start importing Assets/Script/ParticleAutoDestroyerByTime.cs using Guid(ccd8c6c6530361e419461d3fbb91a209) Importer(815301076,1909f56bfc062723c751e8b465ee728b)  -> (artifact id: '522068ec8429685d8f5eb2533e4331ea') in 0.005075 seconds 
========================================================================
Received Import Request.
  Time since last request: 44.654290 seconds.
  path: Assets/Frefabs/Explosion.prefab
  artifactKey: Guid(448b75b8daba55644b3877ab4bc30a26) Importer(815301076,1909f56bfc062723c751e8b465ee728b)
Start importing Assets/Frefabs/Explosion.prefab using Guid(448b75b8daba55644b3877ab4bc30a26) Importer(815301076,1909f56bfc062723c751e8b465ee728b)  -> (artifact id: '4b818f29f853954847a5d90d3c31f5bf') in 0.032824 seconds 
========================================================================
Received Import Request.
  Time since last request: 51.673905 seconds.
  path: Assets/Script/InteractionObject.cs
  artifactKey: Guid(acc945ce7b2e91e4c89ce0de6b3afa1b) Importer(815301076,1909f56bfc062723c751e8b465ee728b)
Start importing Assets/Script/InteractionObject.cs using Guid(acc945ce7b2e91e4c89ce0de6b3afa1b) Importer(815301076,1909f56bfc062723c751e8b465ee728b)  -> (artifact id: '11d63df4d9220a69e0a05b5f5f9ff795') in 0.001707 seconds 
========================================================================
Received Prepare
Registering precompiled user dll's ...
Registered in 0.006643 seconds.
Begin MonoManager ReloadAssembly
Symbol file LoadedFromMemory doesn't match image C:\Users\user\Documents\GitHub\MinSeok_FPS_Prototype\FPSPrototype\Library\PackageCache\com.unity.visualscripting@1.6.1\Editor\VisualScripting.Core\Dependencies\YamlDotNet\Unity.VisualScripting.YamlDotNet.dll
Symbol file LoadedFromMemory doesn't match image C:\Users\user\Documents\GitHub\MinSeok_FPS_Prototype\FPSPrototype\Library\PackageCache\com.unity.visualscripting@1.6.1\Editor\VisualScripting.Core\Dependencies\DotNetZip\Unity.VisualScripting.IonicZip.dll
Native extension for WindowsStandalone target not found
Refreshing native plugins compatible for Editor in 0.43 ms, found 3 plugins.
Preloading 0 native plugins for Editor in 0.00 ms.
Mono: successfully reloaded assembly
- Completed reload, in  0.622 seconds
Domain Reload Profiling:
	ReloadAssembly (622ms)
		BeginReloadAssembly (101ms)
			ExecutionOrderSort (0ms)
			DisableScriptedObjects (2ms)
			BackupInstance (0ms)
			ReleaseScriptingObjects (0ms)
			CreateAndSetChildDomain (22ms)
		EndReloadAssembly (482ms)
			LoadAssemblies (73ms)
			RebuildTransferFunctionScriptingTraits (0ms)
			SetupTypeCache (165ms)
			ReleaseScriptCaches (1ms)
			RebuildScriptCaches (18ms)
			SetupLoadedEditorAssemblies (197ms)
				LogAssemblyErrors (0ms)
				InitializePlatformSupportModulesInManaged (3ms)
				SetLoadedEditorAssemblies (0ms)
				RefreshPlugins (0ms)
				BeforeProcessingInitializeOnLoad (35ms)
				ProcessInitializeOnLoadAttributes (147ms)
				ProcessInitializeOnLoadMethodAttributes (2ms)
				AfterProcessingInitializeOnLoad (8ms)
				EditorAssembliesLoaded (0ms)
			ExecutionOrderSort2 (0ms)
			AwakeInstancesAfterBackupRestoration (3ms)
Platform modules already initialized, skipping
Refreshing native plugins compatible for Editor in 0.74 ms, found 3 plugins.
Preloading 0 native plugins for Editor in 0.00 ms.
Unloading 2975 Unused Serialized files (Serialized files now loaded: 0)
System memory in use before: 114.0 MB.
System memory in use after: 114.3 MB.

Unloading 17 unused Assets to reduce memory usage. Loaded Objects now: 3495.
Total: 4.130700 ms (FindLiveObjects: 0.435900 ms CreateObjectMapping: 0.080400 ms MarkObjects: 3.591600 ms  DeleteObjects: 0.021900 ms)

AssetImportParameters requested are different than current active one (requested -> active):
  custom:framework-win-MediaFoundation: 216162199b28c13a410421893ffa2e32 -> 
  custom:video-decoder-ogg-theora: a1e56fd34408186e4bbccfd4996cb3dc -> 
  custom:container-muxer-webm: aa71ff27fc2769a1b78a27578f13a17b -> 
  custom:container-demuxer-webm: 4f35f7cbe854078d1ac9338744f61a02 -> 
  custom:container-demuxer-ogg: 62fdf1f143b41e24485cea50d1cbac27 -> 
  custom:video-encoder-webm-vp8: eb34c28f22e8b96e1ab97ce403110664 -> 
  custom:video-decoder-webm-vp8: 9c59270c3fd7afecdb556c50c9e8de78 -> 
  custom:audio-decoder-ogg-vorbis: bf7c407c2cedff20999df2af8eb42d56 -> 
  custom:audio-encoder-webm-vorbis: bf7c407c2cedff20999df2af8eb42d56 -> 
========================================================================
Received Import Request.
  Time since last request: 135.990888 seconds.
  path: Assets/Script/InteractionObject.cs
  artifactKey: Guid(acc945ce7b2e91e4c89ce0de6b3afa1b) Importer(815301076,1909f56bfc062723c751e8b465ee728b)
Start importing Assets/Script/InteractionObject.cs using Guid(acc945ce7b2e91e4c89ce0de6b3afa1b) Importer(815301076,1909f56bfc062723c751e8b465ee728b)  -> (artifact id: 'a46881b03143891db5179e91719afc0d') in 0.007397 seconds 
========================================================================
Received Import Request.
  Time since last request: 50.137917 seconds.
  path: Assets/Script/InteractionObject.cs
  artifactKey: Guid(acc945ce7b2e91e4c89ce0de6b3afa1b) Importer(815301076,1909f56bfc062723c751e8b465ee728b)
Start importing Assets/Script/InteractionObject.cs using Guid(acc945ce7b2e91e4c89ce0de6b3afa1b) Importer(815301076,1909f56bfc062723c751e8b465ee728b)  -> (artifact id: '130b329d190077b0ced1a1d34c106302') in 0.003386 seconds 
========================================================================
Received Prepare
Registering precompiled user dll's ...
Registered in 0.014828 seconds.
Begin MonoManager ReloadAssembly
Symbol file LoadedFromMemory doesn't match image C:\Users\user\Documents\GitHub\MinSeok_FPS_Prototype\FPSPrototype\Library\PackageCache\com.unity.visualscripting@1.6.1\Editor\VisualScripting.Core\Dependencies\YamlDotNet\Unity.VisualScripting.YamlDotNet.dll
Symbol file LoadedFromMemory doesn't match image C:\Users\user\Documents\GitHub\MinSeok_FPS_Prototype\FPSPrototype\Library\PackageCache\com.unity.visualscripting@1.6.1\Editor\VisualScripting.Core\Dependencies\DotNetZip\Unity.VisualScripting.IonicZip.dll
Native extension for WindowsStandalone target not found
Refreshing native plugins compatible for Editor in 0.91 ms, found 3 plugins.
Preloading 0 native plugins for Editor in 0.00 ms.
Mono: successfully reloaded assembly
- Completed reload, in  1.338 seconds
Domain Reload Profiling:
	ReloadAssembly (1338ms)
		BeginReloadAssembly (195ms)
			ExecutionOrderSort (0ms)
			DisableScriptedObjects (5ms)
			BackupInstance (0ms)
			ReleaseScriptingObjects (0ms)
			CreateAndSetChildDomain (45ms)
		EndReloadAssembly (1057ms)
			LoadAssemblies (168ms)
			RebuildTransferFunctionScriptingTraits (0ms)
			SetupTypeCache (353ms)
			ReleaseScriptCaches (1ms)
			RebuildScriptCaches (44ms)
			SetupLoadedEditorAssemblies (427ms)
				LogAssemblyErrors (0ms)
				InitializePlatformSupportModulesInManaged (6ms)
				SetLoadedEditorAssemblies (1ms)
				RefreshPlugins (1ms)
				BeforeProcessingInitializeOnLoad (87ms)
				ProcessInitializeOnLoadAttributes (307ms)
				ProcessInitializeOnLoadMethodAttributes (5ms)
				AfterProcessingInitializeOnLoad (20ms)
				EditorAssembliesLoaded (0ms)
			ExecutionOrderSort2 (0ms)
			AwakeInstancesAfterBackupRestoration (7ms)
Platform modules already initialized, skipping
Refreshing native plugins compatible for Editor in 0.93 ms, found 3 plugins.
Preloading 0 native plugins for Editor in 0.00 ms.
Unloading 2975 Unused Serialized files (Serialized files now loaded: 0)
System memory in use before: 114.0 MB.
System memory in use after: 114.3 MB.

Unloading 17 unused Assets to reduce memory usage. Loaded Objects now: 3497.
Total: 3.938000 ms (FindLiveObjects: 0.342400 ms CreateObjectMapping: 0.078500 ms MarkObjects: 3.494600 ms  DeleteObjects: 0.020500 ms)

AssetImportParameters requested are different than current active one (requested -> active):
  custom:framework-win-MediaFoundation: 216162199b28c13a410421893ffa2e32 -> 
  custom:video-decoder-ogg-theora: a1e56fd34408186e4bbccfd4996cb3dc -> 
  custom:container-muxer-webm: aa71ff27fc2769a1b78a27578f13a17b -> 
  custom:container-demuxer-webm: 4f35f7cbe854078d1ac9338744f61a02 -> 
  custom:container-demuxer-ogg: 62fdf1f143b41e24485cea50d1cbac27 -> 
  custom:video-encoder-webm-vp8: eb34c28f22e8b96e1ab97ce403110664 -> 
  custom:video-decoder-webm-vp8: 9c59270c3fd7afecdb556c50c9e8de78 -> 
  custom:audio-decoder-ogg-vorbis: bf7c407c2cedff20999df2af8eb42d56 -> 
  custom:audio-encoder-webm-vorbis: bf7c407c2cedff20999df2af8eb42d56 -> 
========================================================================
Received Import Request.
  Time since last request: 107.676734 seconds.
  path: Assets/Script/InteractionObject.cs
  artifactKey: Guid(acc945ce7b2e91e4c89ce0de6b3afa1b) Importer(815301076,1909f56bfc062723c751e8b465ee728b)
Start importing Assets/Script/InteractionObject.cs using Guid(acc945ce7b2e91e4c89ce0de6b3afa1b) Importer(815301076,1909f56bfc062723c751e8b465ee728b)  -> (artifact id: 'aba4ce6c29438f82caf20ba6d67c3f65') in 0.007864 seconds 
========================================================================
Received Import Request.
  Time since last request: 79.225645 seconds.
  path: Assets/Script/ExplosionBarrel.cs
  artifactKey: Guid(b8ff9f8cfbf40aa46bcf8668aeb9c0c1) Importer(815301076,1909f56bfc062723c751e8b465ee728b)
Start importing Assets/Script/ExplosionBarrel.cs using Guid(b8ff9f8cfbf40aa46bcf8668aeb9c0c1) Importer(815301076,1909f56bfc062723c751e8b465ee728b)  -> (artifact id: '31bb726ffe924979916054d53340e8d1') in 0.001614 seconds 
========================================================================
Received Prepare
Registering precompiled user dll's ...
Registered in 0.005080 seconds.
Begin MonoManager ReloadAssembly
Symbol file LoadedFromMemory doesn't match image C:\Users\user\Documents\GitHub\MinSeok_FPS_Prototype\FPSPrototype\Library\PackageCache\com.unity.visualscripting@1.6.1\Editor\VisualScripting.Core\Dependencies\YamlDotNet\Unity.VisualScripting.YamlDotNet.dll
Symbol file LoadedFromMemory doesn't match image C:\Users\user\Documents\GitHub\MinSeok_FPS_Prototype\FPSPrototype\Library\PackageCache\com.unity.visualscripting@1.6.1\Editor\VisualScripting.Core\Dependencies\DotNetZip\Unity.VisualScripting.IonicZip.dll
Native extension for WindowsStandalone target not found
Refreshing native plugins compatible for Editor in 0.64 ms, found 3 plugins.
Preloading 0 native plugins for Editor in 0.00 ms.
Mono: successfully reloaded assembly
- Completed reload, in  0.706 seconds
Domain Reload Profiling:
	ReloadAssembly (707ms)
		BeginReloadAssembly (103ms)
			ExecutionOrderSort (0ms)
			DisableScriptedObjects (2ms)
			BackupInstance (0ms)
			ReleaseScriptingObjects (0ms)
			CreateAndSetChildDomain (24ms)
		EndReloadAssembly (557ms)
			LoadAssemblies (73ms)
			RebuildTransferFunctionScriptingTraits (0ms)
			SetupTypeCache (216ms)
			ReleaseScriptCaches (1ms)
			RebuildScriptCaches (19ms)
			SetupLoadedEditorAssemblies (209ms)
				LogAssemblyErrors (0ms)
				InitializePlatformSupportModulesInManaged (4ms)
				SetLoadedEditorAssemblies (0ms)
				RefreshPlugins (1ms)
				BeforeProcessingInitializeOnLoad (40ms)
				ProcessInitializeOnLoadAttributes (154ms)
				ProcessInitializeOnLoadMethodAttributes (2ms)
				AfterProcessingInitializeOnLoad (8ms)
				EditorAssembliesLoaded (0ms)
			ExecutionOrderSort2 (0ms)
			AwakeInstancesAfterBackupRestoration (3ms)
Platform modules already initialized, skipping
Refreshing native plugins compatible for Editor in 0.64 ms, found 3 plugins.
Preloading 0 native plugins for Editor in 0.00 ms.
Unloading 2976 Unused Serialized files (Serialized files now loaded: 0)
System memory in use before: 114.1 MB.
System memory in use after: 114.3 MB.

Unloading 17 unused Assets to reduce memory usage. Loaded Objects now: 3500.
Total: 2.004700 ms (FindLiveObjects: 0.211000 ms CreateObjectMapping: 0.042900 ms MarkObjects: 1.736400 ms  DeleteObjects: 0.013300 ms)

AssetImportParameters requested are different than current active one (requested -> active):
  custom:framework-win-MediaFoundation: 216162199b28c13a410421893ffa2e32 -> 
  custom:video-decoder-ogg-theora: a1e56fd34408186e4bbccfd4996cb3dc -> 
  custom:container-muxer-webm: aa71ff27fc2769a1b78a27578f13a17b -> 
  custom:container-demuxer-webm: 4f35f7cbe854078d1ac9338744f61a02 -> 
  custom:container-demuxer-ogg: 62fdf1f143b41e24485cea50d1cbac27 -> 
  custom:video-encoder-webm-vp8: eb34c28f22e8b96e1ab97ce403110664 -> 
  custom:video-decoder-webm-vp8: 9c59270c3fd7afecdb556c50c9e8de78 -> 
  custom:audio-decoder-ogg-vorbis: bf7c407c2cedff20999df2af8eb42d56 -> 
  custom:audio-encoder-webm-vorbis: bf7c407c2cedff20999df2af8eb42d56 -> 
========================================================================
Received Prepare
Registering precompiled user dll's ...
Registered in 0.011630 seconds.
Begin MonoManager ReloadAssembly
Symbol file LoadedFromMemory doesn't match image C:\Users\user\Documents\GitHub\MinSeok_FPS_Prototype\FPSPrototype\Library\PackageCache\com.unity.visualscripting@1.6.1\Editor\VisualScripting.Core\Dependencies\YamlDotNet\Unity.VisualScripting.YamlDotNet.dll
Symbol file LoadedFromMemory doesn't match image C:\Users\user\Documents\GitHub\MinSeok_FPS_Prototype\FPSPrototype\Library\PackageCache\com.unity.visualscripting@1.6.1\Editor\VisualScripting.Core\Dependencies\DotNetZip\Unity.VisualScripting.IonicZip.dll
Native extension for WindowsStandalone target not found
Refreshing native plugins compatible for Editor in 0.97 ms, found 3 plugins.
Preloading 0 native plugins for Editor in 0.00 ms.
Mono: successfully reloaded assembly
- Completed reload, in  1.291 seconds
Domain Reload Profiling:
	ReloadAssembly (1291ms)
		BeginReloadAssembly (190ms)
			ExecutionOrderSort (0ms)
			DisableScriptedObjects (4ms)
			BackupInstance (0ms)
			ReleaseScriptingObjects (0ms)
			CreateAndSetChildDomain (46ms)
		EndReloadAssembly (1019ms)
			LoadAssemblies (152ms)
			RebuildTransferFunctionScriptingTraits (0ms)
			SetupTypeCache (339ms)
			ReleaseScriptCaches (1ms)
			RebuildScriptCaches (44ms)
			SetupLoadedEditorAssemblies (422ms)
				LogAssemblyErrors (0ms)
				InitializePlatformSupportModulesInManaged (6ms)
				SetLoadedEditorAssemblies (0ms)
				RefreshPlugins (1ms)
				BeforeProcessingInitializeOnLoad (81ms)
				ProcessInitializeOnLoadAttributes (305ms)
				ProcessInitializeOnLoadMethodAttributes (5ms)
				AfterProcessingInitializeOnLoad (22ms)
				EditorAssembliesLoaded (0ms)
			ExecutionOrderSort2 (0ms)
			AwakeInstancesAfterBackupRestoration (8ms)
Platform modules already initialized, skipping
Refreshing native plugins compatible for Editor in 0.74 ms, found 3 plugins.
Preloading 0 native plugins for Editor in 0.00 ms.
Unloading 2976 Unused Serialized files (Serialized files now loaded: 0)
System memory in use before: 114.1 MB.
System memory in use after: 114.3 MB.

Unloading 17 unused Assets to reduce memory usage. Loaded Objects now: 3502.
Total: 4.044800 ms (FindLiveObjects: 0.254900 ms CreateObjectMapping: 0.110900 ms MarkObjects: 3.649100 ms  DeleteObjects: 0.028100 ms)

AssetImportParameters requested are different than current active one (requested -> active):
  custom:framework-win-MediaFoundation: 216162199b28c13a410421893ffa2e32 -> 
  custom:video-decoder-ogg-theora: a1e56fd34408186e4bbccfd4996cb3dc -> 
  custom:container-muxer-webm: aa71ff27fc2769a1b78a27578f13a17b -> 
  custom:container-demuxer-webm: 4f35f7cbe854078d1ac9338744f61a02 -> 
  custom:container-demuxer-ogg: 62fdf1f143b41e24485cea50d1cbac27 -> 
  custom:video-encoder-webm-vp8: eb34c28f22e8b96e1ab97ce403110664 -> 
  custom:video-decoder-webm-vp8: 9c59270c3fd7afecdb556c50c9e8de78 -> 
  custom:audio-decoder-ogg-vorbis: bf7c407c2cedff20999df2af8eb42d56 -> 
  custom:audio-encoder-webm-vorbis: bf7c407c2cedff20999df2af8eb42d56 -> 
========================================================================
Received Import Request.
  Time since last request: 360.166696 seconds.
  path: Assets/Script/ExplosionBarrel.cs
  artifactKey: Guid(b8ff9f8cfbf40aa46bcf8668aeb9c0c1) Importer(815301076,1909f56bfc062723c751e8b465ee728b)
Start importing Assets/Script/ExplosionBarrel.cs using Guid(b8ff9f8cfbf40aa46bcf8668aeb9c0c1) Importer(815301076,1909f56bfc062723c751e8b465ee728b)  -> (artifact id: '9a24e71aef9ce46aa7ef6fd76ee4d6d2') in 0.005495 seconds 
========================================================================
Received Import Request.
  Time since last request: 1128.554394 seconds.
  path: Assets/Script/ExplosionBarrel.cs
  artifactKey: Guid(b8ff9f8cfbf40aa46bcf8668aeb9c0c1) Importer(815301076,1909f56bfc062723c751e8b465ee728b)
Start importing Assets/Script/ExplosionBarrel.cs using Guid(b8ff9f8cfbf40aa46bcf8668aeb9c0c1) Importer(815301076,1909f56bfc062723c751e8b465ee728b)  -> (artifact id: 'd5f38b576ad1a9278f65ac117fb49906') in 0.003772 seconds 
========================================================================
Received Import Request.
  Time since last request: 25.938149 seconds.
  path: Assets/Script/ExplosionBarrel.cs
  artifactKey: Guid(b8ff9f8cfbf40aa46bcf8668aeb9c0c1) Importer(815301076,1909f56bfc062723c751e8b465ee728b)
Start importing Assets/Script/ExplosionBarrel.cs using Guid(b8ff9f8cfbf40aa46bcf8668aeb9c0c1) Importer(815301076,1909f56bfc062723c751e8b465ee728b)  -> (artifact id: '4b5806e6458e8798cd909dbf7a354edd') in 0.001681 seconds 
========================================================================
Received Prepare
Registering precompiled user dll's ...
Registered in 0.011686 seconds.
Begin MonoManager ReloadAssembly
Symbol file LoadedFromMemory doesn't match image C:\Users\user\Documents\GitHub\MinSeok_FPS_Prototype\FPSPrototype\Library\PackageCache\com.unity.visualscripting@1.6.1\Editor\VisualScripting.Core\Dependencies\YamlDotNet\Unity.VisualScripting.YamlDotNet.dll
Symbol file LoadedFromMemory doesn't match image C:\Users\user\Documents\GitHub\MinSeok_FPS_Prototype\FPSPrototype\Library\PackageCache\com.unity.visualscripting@1.6.1\Editor\VisualScripting.Core\Dependencies\DotNetZip\Unity.VisualScripting.IonicZip.dll
Native extension for WindowsStandalone target not found
Refreshing native plugins compatible for Editor in 0.89 ms, found 3 plugins.
Preloading 0 native plugins for Editor in 0.00 ms.
Mono: successfully reloaded assembly
- Completed reload, in  1.248 seconds
Domain Reload Profiling:
	ReloadAssembly (1248ms)
		BeginReloadAssembly (192ms)
			ExecutionOrderSort (0ms)
			DisableScriptedObjects (5ms)
			BackupInstance (0ms)
			ReleaseScriptingObjects (0ms)
			CreateAndSetChildDomain (43ms)
		EndReloadAssembly (975ms)
			LoadAssemblies (148ms)
			RebuildTransferFunctionScriptingTraits (0ms)
			SetupTypeCache (330ms)
			ReleaseScriptCaches (1ms)
			RebuildScriptCaches (40ms)
			SetupLoadedEditorAssemblies (392ms)
				LogAssemblyErrors (0ms)
				InitializePlatformSupportModulesInManaged (5ms)
				SetLoadedEditorAssemblies (0ms)
				RefreshPlugins (1ms)
				BeforeProcessingInitializeOnLoad (77ms)
				ProcessInitializeOnLoadAttributes (281ms)
				ProcessInitializeOnLoadMethodAttributes (7ms)
				AfterProcessingInitializeOnLoad (20ms)
				EditorAssembliesLoaded (0ms)
			ExecutionOrderSort2 (0ms)
			AwakeInstancesAfterBackupRestoration (7ms)
Platform modules already initialized, skipping
Refreshing native plugins compatible for Editor in 0.75 ms, found 3 plugins.
Preloading 0 native plugins for Editor in 0.00 ms.
Unloading 2976 Unused Serialized files (Serialized files now loaded: 0)
System memory in use before: 114.1 MB.
System memory in use after: 114.3 MB.

Unloading 17 unused Assets to reduce memory usage. Loaded Objects now: 3504.
Total: 4.762800 ms (FindLiveObjects: 0.363300 ms CreateObjectMapping: 0.083100 ms MarkObjects: 4.285600 ms  DeleteObjects: 0.029000 ms)

AssetImportParameters requested are different than current active one (requested -> active):
  custom:framework-win-MediaFoundation: 216162199b28c13a410421893ffa2e32 -> 
  custom:video-decoder-ogg-theora: a1e56fd34408186e4bbccfd4996cb3dc -> 
  custom:container-muxer-webm: aa71ff27fc2769a1b78a27578f13a17b -> 
  custom:container-demuxer-webm: 4f35f7cbe854078d1ac9338744f61a02 -> 
  custom:container-demuxer-ogg: 62fdf1f143b41e24485cea50d1cbac27 -> 
  custom:video-encoder-webm-vp8: eb34c28f22e8b96e1ab97ce403110664 -> 
  custom:video-decoder-webm-vp8: 9c59270c3fd7afecdb556c50c9e8de78 -> 
  custom:audio-decoder-ogg-vorbis: bf7c407c2cedff20999df2af8eb42d56 -> 
  custom:audio-encoder-webm-vorbis: bf7c407c2cedff20999df2af8eb42d56 -> 
========================================================================
Received Import Request.
  Time since last request: 449.113895 seconds.
  path: Assets/Frefabs/ExplosionBarrel.prefab
  artifactKey: Guid(c2ba09787c594c148b985f7205eadc9d) Importer(815301076,1909f56bfc062723c751e8b465ee728b)
Start importing Assets/Frefabs/ExplosionBarrel.prefab using Guid(c2ba09787c594c148b985f7205eadc9d) Importer(815301076,1909f56bfc062723c751e8b465ee728b)  -> (artifact id: '37695ebe8f529c5e11610be33eda9d29') in 0.039294 seconds 
========================================================================
Received Import Request.
  Time since last request: 28.933226 seconds.
  path: Assets/Frefabs/ExplosionBarrel.prefab
  artifactKey: Guid(c2ba09787c594c148b985f7205eadc9d) Importer(815301076,1909f56bfc062723c751e8b465ee728b)
Start importing Assets/Frefabs/ExplosionBarrel.prefab using Guid(c2ba09787c594c148b985f7205eadc9d) Importer(815301076,1909f56bfc062723c751e8b465ee728b)  -> (artifact id: 'c95adf4293751edab0956c5ea39bacb6') in 0.008923 seconds 
========================================================================
Received Import Request.
  Time since last request: 20.134399 seconds.
  path: Assets/Script/NormalBarrel.cs
  artifactKey: Guid(cc821754196d07148a26fb9bc0f6d3db) Importer(815301076,1909f56bfc062723c751e8b465ee728b)
Start importing Assets/Script/NormalBarrel.cs using Guid(cc821754196d07148a26fb9bc0f6d3db) Importer(815301076,1909f56bfc062723c751e8b465ee728b)  -> (artifact id: '44e8baa36687af8388d2d47bfaac183a') in 0.001555 seconds 
========================================================================
Received Prepare
Registering precompiled user dll's ...
Registered in 0.004903 seconds.
Begin MonoManager ReloadAssembly
Symbol file LoadedFromMemory doesn't match image C:\Users\user\Documents\GitHub\MinSeok_FPS_Prototype\FPSPrototype\Library\PackageCache\com.unity.visualscripting@1.6.1\Editor\VisualScripting.Core\Dependencies\YamlDotNet\Unity.VisualScripting.YamlDotNet.dll
Symbol file LoadedFromMemory doesn't match image C:\Users\user\Documents\GitHub\MinSeok_FPS_Prototype\FPSPrototype\Library\PackageCache\com.unity.visualscripting@1.6.1\Editor\VisualScripting.Core\Dependencies\DotNetZip\Unity.VisualScripting.IonicZip.dll
Native extension for WindowsStandalone target not found
Refreshing native plugins compatible for Editor in 0.43 ms, found 3 plugins.
Preloading 0 native plugins for Editor in 0.00 ms.
Mono: successfully reloaded assembly
- Completed reload, in  0.594 seconds
Domain Reload Profiling:
	ReloadAssembly (594ms)
		BeginReloadAssembly (86ms)
			ExecutionOrderSort (0ms)
			DisableScriptedObjects (2ms)
			BackupInstance (0ms)
			ReleaseScriptingObjects (0ms)
			CreateAndSetChildDomain (19ms)
		EndReloadAssembly (469ms)
			LoadAssemblies (68ms)
			RebuildTransferFunctionScriptingTraits (0ms)
			SetupTypeCache (161ms)
			ReleaseScriptCaches (1ms)
			RebuildScriptCaches (18ms)
			SetupLoadedEditorAssemblies (191ms)
				LogAssemblyErrors (0ms)
				InitializePlatformSupportModulesInManaged (3ms)
				SetLoadedEditorAssemblies (0ms)
				RefreshPlugins (0ms)
				BeforeProcessingInitializeOnLoad (35ms)
				ProcessInitializeOnLoadAttributes (142ms)
				ProcessInitializeOnLoadMethodAttributes (3ms)
				AfterProcessingInitializeOnLoad (8ms)
				EditorAssembliesLoaded (0ms)
			ExecutionOrderSort2 (0ms)
			AwakeInstancesAfterBackupRestoration (3ms)
Platform modules already initialized, skipping
Refreshing native plugins compatible for Editor in 0.71 ms, found 3 plugins.
Preloading 0 native plugins for Editor in 0.00 ms.
Unloading 2977 Unused Serialized files (Serialized files now loaded: 0)
System memory in use before: 114.1 MB.
System memory in use after: 114.3 MB.

Unloading 17 unused Assets to reduce memory usage. Loaded Objects now: 3508.
Total: 2.134700 ms (FindLiveObjects: 0.173300 ms CreateObjectMapping: 0.045400 ms MarkObjects: 1.894600 ms  DeleteObjects: 0.020400 ms)

AssetImportParameters requested are different than current active one (requested -> active):
  custom:framework-win-MediaFoundation: 216162199b28c13a410421893ffa2e32 -> 
  custom:video-decoder-ogg-theora: a1e56fd34408186e4bbccfd4996cb3dc -> 
  custom:container-muxer-webm: aa71ff27fc2769a1b78a27578f13a17b -> 
  custom:container-demuxer-webm: 4f35f7cbe854078d1ac9338744f61a02 -> 
  custom:container-demuxer-ogg: 62fdf1f143b41e24485cea50d1cbac27 -> 
  custom:video-encoder-webm-vp8: eb34c28f22e8b96e1ab97ce403110664 -> 
  custom:video-decoder-webm-vp8: 9c59270c3fd7afecdb556c50c9e8de78 -> 
  custom:audio-decoder-ogg-vorbis: bf7c407c2cedff20999df2af8eb42d56 -> 
  custom:audio-encoder-webm-vorbis: bf7c407c2cedff20999df2af8eb42d56 -> 
========================================================================
Received Import Request.
  Time since last request: 139.395824 seconds.
  path: Assets/Script/NormalBarrel.cs
  artifactKey: Guid(cc821754196d07148a26fb9bc0f6d3db) Importer(815301076,1909f56bfc062723c751e8b465ee728b)
Start importing Assets/Script/NormalBarrel.cs using Guid(cc821754196d07148a26fb9bc0f6d3db) Importer(815301076,1909f56bfc062723c751e8b465ee728b)  -> (artifact id: '10b698d342c29a191307dd5ad1e85450') in 0.006872 seconds 
========================================================================
Received Prepare
Registering precompiled user dll's ...
Registered in 0.005642 seconds.
Begin MonoManager ReloadAssembly
Symbol file LoadedFromMemory doesn't match image C:\Users\user\Documents\GitHub\MinSeok_FPS_Prototype\FPSPrototype\Library\PackageCache\com.unity.visualscripting@1.6.1\Editor\VisualScripting.Core\Dependencies\YamlDotNet\Unity.VisualScripting.YamlDotNet.dll
Symbol file LoadedFromMemory doesn't match image C:\Users\user\Documents\GitHub\MinSeok_FPS_Prototype\FPSPrototype\Library\PackageCache\com.unity.visualscripting@1.6.1\Editor\VisualScripting.Core\Dependencies\DotNetZip\Unity.VisualScripting.IonicZip.dll
Native extension for WindowsStandalone target not found
Refreshing native plugins compatible for Editor in 0.46 ms, found 3 plugins.
Preloading 0 native plugins for Editor in 0.00 ms.
Mono: successfully reloaded assembly
- Completed reload, in  0.669 seconds
Domain Reload Profiling:
	ReloadAssembly (669ms)
		BeginReloadAssembly (94ms)
			ExecutionOrderSort (0ms)
			DisableScriptedObjects (2ms)
			BackupInstance (0ms)
			ReleaseScriptingObjects (0ms)
			CreateAndSetChildDomain (20ms)
		EndReloadAssembly (532ms)
			LoadAssemblies (70ms)
			RebuildTransferFunctionScriptingTraits (0ms)
			SetupTypeCache (188ms)
			ReleaseScriptCaches (1ms)
			RebuildScriptCaches (20ms)
			SetupLoadedEditorAssemblies (211ms)
				LogAssemblyErrors (0ms)
				InitializePlatformSupportModulesInManaged (3ms)
				SetLoadedEditorAssemblies (0ms)
				RefreshPlugins (1ms)
				BeforeProcessingInitializeOnLoad (35ms)
				ProcessInitializeOnLoadAttributes (161ms)
				ProcessInitializeOnLoadMethodAttributes (2ms)
				AfterProcessingInitializeOnLoad (9ms)
				EditorAssembliesLoaded (0ms)
			ExecutionOrderSort2 (0ms)
			AwakeInstancesAfterBackupRestoration (4ms)
Platform modules already initialized, skipping
Refreshing native plugins compatible for Editor in 0.50 ms, found 3 plugins.
Preloading 0 native plugins for Editor in 0.00 ms.
Unloading 2977 Unused Serialized files (Serialized files now loaded: 0)
System memory in use before: 114.1 MB.
System memory in use after: 114.3 MB.

Unloading 17 unused Assets to reduce memory usage. Loaded Objects now: 3510.
Total: 2.025500 ms (FindLiveObjects: 0.193400 ms CreateObjectMapping: 0.048800 ms MarkObjects: 1.768200 ms  DeleteObjects: 0.014100 ms)

AssetImportParameters requested are different than current active one (requested -> active):
  custom:framework-win-MediaFoundation: 216162199b28c13a410421893ffa2e32 -> 
  custom:video-decoder-ogg-theora: a1e56fd34408186e4bbccfd4996cb3dc -> 
  custom:container-muxer-webm: aa71ff27fc2769a1b78a27578f13a17b -> 
  custom:container-demuxer-webm: 4f35f7cbe854078d1ac9338744f61a02 -> 
  custom:container-demuxer-ogg: 62fdf1f143b41e24485cea50d1cbac27 -> 
  custom:video-encoder-webm-vp8: eb34c28f22e8b96e1ab97ce403110664 -> 
  custom:video-decoder-webm-vp8: 9c59270c3fd7afecdb556c50c9e8de78 -> 
  custom:audio-decoder-ogg-vorbis: bf7c407c2cedff20999df2af8eb42d56 -> 
  custom:audio-encoder-webm-vorbis: bf7c407c2cedff20999df2af8eb42d56 -> 
========================================================================
Received Import Request.
  Time since last request: 12.278977 seconds.
  path: Assets/Script/NormalBarrel.cs
  artifactKey: Guid(cc821754196d07148a26fb9bc0f6d3db) Importer(815301076,1909f56bfc062723c751e8b465ee728b)
Start importing Assets/Script/NormalBarrel.cs using Guid(cc821754196d07148a26fb9bc0f6d3db) Importer(815301076,1909f56bfc062723c751e8b465ee728b)  -> (artifact id: '3fbfef48d861681bfa4dc70e3ba86299') in 0.003957 seconds 
========================================================================
Received Import Request.
  Time since last request: 15.388782 seconds.
  path: Assets/Frefabs/NormalBarrel.prefab
  artifactKey: Guid(c7c4e62900d5050419f9c2f2504241cb) Importer(815301076,1909f56bfc062723c751e8b465ee728b)
Start importing Assets/Frefabs/NormalBarrel.prefab using Guid(c7c4e62900d5050419f9c2f2504241cb) Importer(815301076,1909f56bfc062723c751e8b465ee728b)  -> (artifact id: 'cd783e5e5e12851988f6cb454f88ce19') in 0.031809 seconds 
========================================================================
Received Import Request.
  Time since last request: 14.740199 seconds.
  path: Assets/Script/WeaponAssultRifle.cs
  artifactKey: Guid(fd53e6af58402a44882a9ed5247c17fb) Importer(815301076,1909f56bfc062723c751e8b465ee728b)
Start importing Assets/Script/WeaponAssultRifle.cs using Guid(fd53e6af58402a44882a9ed5247c17fb) Importer(815301076,1909f56bfc062723c751e8b465ee728b)  -> (artifact id: 'b67cd4a8f8f647d8992c6f3d2df8ceb9') in 0.003177 seconds 
========================================================================
Received Prepare
Registering precompiled user dll's ...
Registered in 0.010993 seconds.
Begin MonoManager ReloadAssembly
Symbol file LoadedFromMemory doesn't match image C:\Users\user\Documents\GitHub\MinSeok_FPS_Prototype\FPSPrototype\Library\PackageCache\com.unity.visualscripting@1.6.1\Editor\VisualScripting.Core\Dependencies\YamlDotNet\Unity.VisualScripting.YamlDotNet.dll
Symbol file LoadedFromMemory doesn't match image C:\Users\user\Documents\GitHub\MinSeok_FPS_Prototype\FPSPrototype\Library\PackageCache\com.unity.visualscripting@1.6.1\Editor\VisualScripting.Core\Dependencies\DotNetZip\Unity.VisualScripting.IonicZip.dll
Native extension for WindowsStandalone target not found
Refreshing native plugins compatible for Editor in 0.88 ms, found 3 plugins.
Preloading 0 native plugins for Editor in 0.00 ms.
Mono: successfully reloaded assembly
- Completed reload, in  1.240 seconds
Domain Reload Profiling:
	ReloadAssembly (1240ms)
		BeginReloadAssembly (189ms)
			ExecutionOrderSort (0ms)
			DisableScriptedObjects (4ms)
			BackupInstance (0ms)
			ReleaseScriptingObjects (0ms)
			CreateAndSetChildDomain (49ms)
		EndReloadAssembly (965ms)
			LoadAssemblies (153ms)
			RebuildTransferFunctionScriptingTraits (0ms)
			SetupTypeCache (330ms)
			ReleaseScriptCaches (1ms)
			RebuildScriptCaches (39ms)
			SetupLoadedEditorAssemblies (393ms)
				LogAssemblyErrors (0ms)
				InitializePlatformSupportModulesInManaged (6ms)
				SetLoadedEditorAssemblies (0ms)
				RefreshPlugins (1ms)
				BeforeProcessingInitializeOnLoad (75ms)
				ProcessInitializeOnLoadAttributes (286ms)
				ProcessInitializeOnLoadMethodAttributes (4ms)
				AfterProcessingInitializeOnLoad (20ms)
				EditorAssembliesLoaded (0ms)
			ExecutionOrderSort2 (0ms)
			AwakeInstancesAfterBackupRestoration (8ms)
Platform modules already initialized, skipping
Refreshing native plugins compatible for Editor in 0.69 ms, found 3 plugins.
Preloading 0 native plugins for Editor in 0.00 ms.
Unloading 2977 Unused Serialized files (Serialized files now loaded: 0)
System memory in use before: 114.1 MB.
System memory in use after: 114.4 MB.

Unloading 17 unused Assets to reduce memory usage. Loaded Objects now: 3513.
Total: 2.468100 ms (FindLiveObjects: 0.177200 ms CreateObjectMapping: 0.041400 ms MarkObjects: 2.231400 ms  DeleteObjects: 0.017400 ms)

AssetImportParameters requested are different than current active one (requested -> active):
  custom:framework-win-MediaFoundation: 216162199b28c13a410421893ffa2e32 -> 
  custom:video-decoder-ogg-theora: a1e56fd34408186e4bbccfd4996cb3dc -> 
  custom:container-muxer-webm: aa71ff27fc2769a1b78a27578f13a17b -> 
  custom:container-demuxer-webm: 4f35f7cbe854078d1ac9338744f61a02 -> 
  custom:container-demuxer-ogg: 62fdf1f143b41e24485cea50d1cbac27 -> 
  custom:video-encoder-webm-vp8: eb34c28f22e8b96e1ab97ce403110664 -> 
  custom:video-decoder-webm-vp8: 9c59270c3fd7afecdb556c50c9e8de78 -> 
  custom:audio-decoder-ogg-vorbis: bf7c407c2cedff20999df2af8eb42d56 -> 
  custom:audio-encoder-webm-vorbis: bf7c407c2cedff20999df2af8eb42d56 -> 
========================================================================
Received Import Request.
  Time since last request: 119.057260 seconds.
  path: Assets/Script/WeaponAssultRifle.cs
  artifactKey: Guid(fd53e6af58402a44882a9ed5247c17fb) Importer(815301076,1909f56bfc062723c751e8b465ee728b)
Start importing Assets/Script/WeaponAssultRifle.cs using Guid(fd53e6af58402a44882a9ed5247c17fb) Importer(815301076,1909f56bfc062723c751e8b465ee728b)  -> (artifact id: '1e9b0d625c25f6ece60c7053541996e2') in 0.004045 seconds 
========================================================================
Received Prepare
Registering precompiled user dll's ...
Registered in 0.005865 seconds.
Begin MonoManager ReloadAssembly
Symbol file LoadedFromMemory doesn't match image C:\Users\user\Documents\GitHub\MinSeok_FPS_Prototype\FPSPrototype\Library\PackageCache\com.unity.visualscripting@1.6.1\Editor\VisualScripting.Core\Dependencies\YamlDotNet\Unity.VisualScripting.YamlDotNet.dll
Symbol file LoadedFromMemory doesn't match image C:\Users\user\Documents\GitHub\MinSeok_FPS_Prototype\FPSPrototype\Library\PackageCache\com.unity.visualscripting@1.6.1\Editor\VisualScripting.Core\Dependencies\DotNetZip\Unity.VisualScripting.IonicZip.dll
Native extension for WindowsStandalone target not found
Refreshing native plugins compatible for Editor in 0.47 ms, found 3 plugins.
Preloading 0 native plugins for Editor in 0.00 ms.
Mono: successfully reloaded assembly
- Completed reload, in  0.660 seconds
Domain Reload Profiling:
	ReloadAssembly (660ms)
		BeginReloadAssembly (106ms)
			ExecutionOrderSort (0ms)
			DisableScriptedObjects (2ms)
			BackupInstance (0ms)
			ReleaseScriptingObjects (0ms)
			CreateAndSetChildDomain (21ms)
		EndReloadAssembly (511ms)
			LoadAssemblies (78ms)
			RebuildTransferFunctionScriptingTraits (0ms)
			SetupTypeCache (176ms)
			ReleaseScriptCaches (1ms)
			RebuildScriptCaches (19ms)
			SetupLoadedEditorAssemblies (205ms)
				LogAssemblyErrors (0ms)
				InitializePlatformSupportModulesInManaged (3ms)
				SetLoadedEditorAssemblies (0ms)
				RefreshPlugins (1ms)
				BeforeProcessingInitializeOnLoad (35ms)
				ProcessInitializeOnLoadAttributes (154ms)
				ProcessInitializeOnLoadMethodAttributes (2ms)
				AfterProcessingInitializeOnLoad (9ms)
				EditorAssembliesLoaded (0ms)
			ExecutionOrderSort2 (0ms)
			AwakeInstancesAfterBackupRestoration (4ms)
Platform modules already initialized, skipping
Refreshing native plugins compatible for Editor in 0.49 ms, found 3 plugins.
Preloading 0 native plugins for Editor in 0.00 ms.
Unloading 2977 Unused Serialized files (Serialized files now loaded: 0)
System memory in use before: 114.1 MB.
System memory in use after: 114.4 MB.

Unloading 17 unused Assets to reduce memory usage. Loaded Objects now: 3515.
Total: 2.207500 ms (FindLiveObjects: 0.173500 ms CreateObjectMapping: 0.047600 ms MarkObjects: 1.965000 ms  DeleteObjects: 0.020100 ms)

AssetImportParameters requested are different than current active one (requested -> active):
  custom:framework-win-MediaFoundation: 216162199b28c13a410421893ffa2e32 -> 
  custom:video-decoder-ogg-theora: a1e56fd34408186e4bbccfd4996cb3dc -> 
  custom:container-muxer-webm: aa71ff27fc2769a1b78a27578f13a17b -> 
  custom:container-demuxer-webm: 4f35f7cbe854078d1ac9338744f61a02 -> 
  custom:container-demuxer-ogg: 62fdf1f143b41e24485cea50d1cbac27 -> 
  custom:video-encoder-webm-vp8: eb34c28f22e8b96e1ab97ce403110664 -> 
  custom:video-decoder-webm-vp8: 9c59270c3fd7afecdb556c50c9e8de78 -> 
  custom:audio-decoder-ogg-vorbis: bf7c407c2cedff20999df2af8eb42d56 -> 
  custom:audio-encoder-webm-vorbis: bf7c407c2cedff20999df2af8eb42d56 -> 
AssetImportWorkerClient::OnTransportError - code=2 error=End of file
